#
# A fatal error has been detected by the Java Runtime Environment:
#
#  SIGSEGV (0xb) at pc=0x000000010adf619b, pid=3569, tid=48727
#
# JRE version: Java(TM) SE Runtime Environment (7.0_45-b18) (build 1.7.0_45-b18)
# Java VM: Java HotSpot(TM) 64-Bit Server VM (24.45-b08 mixed mode bsd-amd64 compressed oops)
# Problematic frame:
# j  sun.instrument.InstrumentationImpl.transform(Ljava/lang/ClassLoader;Ljava/lang/String;Ljava/lang/Class;Ljava/security/ProtectionDomain;[BZ)[B+0
#
# Failed to write core dump. Core dumps have been disabled. To enable core dumping, try "ulimit -c unlimited" before starting Java again
#
# If you would like to submit a bug report, please visit:
#   http://bugreport.sun.com/bugreport/crash.jsp
#

---------------  T H R E A D  ---------------

Current thread (0x00007fb89c05f000):  JavaThread "pool-2-thread-3" daemon [_thread_in_Java, id=48727, stack(0x000000013b69d000,0x000000013b79d000)]

siginfo:si_signo=SIGSEGV: si_errno=0, si_code=1 (SEGV_MAPERR), si_addr=0x000000021d577388

Registers:
RAX=0x000000021d577380, RBX=0x00000000000000c7, RCX=0x000000010e19a8d8, RDX=0x0000000000000008
RSP=0x000000013b7989c0, RBP=0x000000013b798a00, RSI=0x000000010ade72a0, RDI=0x000000013b798b30
R8 =0x000000010ade72a0, R9 =0x000000013b798bf8, R10=0x000000010aa198f0, R11=0xffff80488ffd4970
R12=0x0000000000000000, R13=0x000000010e19a8bc, R14=0x000000013b798a48, R15=0x00007fb89c05f000
RIP=0x000000010adf619b, EFLAGS=0x0000000000010202, ERR=0x0000000000000004
  TRAPNO=0x000000000000000e

Top of Stack: (sp=0x000000013b7989c0)
0x000000013b7989c0:   000000013b7989c0 000000010e19a8a8
0x000000013b7989d0:   000000013b798a48 000000010e19ae10
0x000000013b7989e0:   000000021d577380 000000010e19a8d8
0x000000013b7989f0:   0000000000000000 000000013b798a18
0x000000013b798a00:   000000013b798ab0 000000010add74e7
0x000000013b798a10:   00000001139c8848 0000000000000000
0x000000013b798a20:   000000012a789790 0000000000000000
0x000000013b798a30:   0000000000000000 000000012a789728
0x000000013b798a40:   0000000000000000 00000001139b4430
0x000000013b798a50:   0000000100001fa0 0000000000000007
0x000000013b798a60:   00007fb89c05f000 000000010add745f
0x000000013b798a70:   000000000000000c 00007fb89c88a860
0x000000013b798a80:   000000013b798b30 000000013b798e08
0x000000013b798a90:   000000000000000c 000000010e19a8d8
0x000000013b798aa0:   000000010ade72a0 000000013b798bf8
0x000000013b798ab0:   000000013b798ba0 000000010a4d6d90
0x000000013b798ac0:   00007fb800000007 00007fb89c05f000
0x000000013b798ad0:   0000000100000000 000000013b798e08
0x000000013b798ae0:   01007fb800000000 000000010ade72a0
0x000000013b798af0:   000000013b798bf0 00007fb89c05f000
0x000000013b798b00:   00007fb89a78fb90 00007fb89c88a760
0x000000013b798b10:   00007fb89c88a868 00007fb89c88ab48
0x000000013b798b20:   00000000000003d8 000000013b798fe0
0x000000013b798b30:   00007fb89c05f000 00007fb89c87cf40
0x000000013b798b40:   000000010e19a8d8 00000001139b4430
0x000000013b798b50:   000000013b79a358 0000000000000000
0x000000013b798b60:   000000013b79a398 000000013b798e00
0x000000013b798b70:   000000010ade72a0 00007fb89c88a860
0x000000013b798b80:   000000013b798e00 000000013b798c90
0x000000013b798b90:   000000013b798bf0 000000010a50b9f8
0x000000013b798ba0:   000000013b798bc0 000000010a4d6b60
0x000000013b798bb0:   000000013b798bf0 00007fb89c88a860 

Instructions: (pc=0x000000010adf619b)
0x000000010adf617b:   00 00 00 00 00 58 48 85 c0 0f 84 bd 02 00 00 48
0x000000010adf618b:   8b 4d e8 48 8b 45 e0 48 85 c0 0f 84 18 00 00 00
0x000000010adf619b:   48 8b 58 08 48 83 c3 01 48 83 db 00 48 89 58 08
0x000000010adf61ab:   48 03 40 10 48 89 45 e0 41 8b 55 01 0f ca c1 fa 

Register to memory mapping:

RAX=0x000000021d577380 is an unknown value
RBX=0x00000000000000c7 is an unknown value
RCX=0x000000010e19a8d8 is an oop
{method} 
 - klass: {other class}
RDX=0x0000000000000008 is an unknown value
RSP=0x000000013b7989c0 is pointing into the stack for thread: 0x00007fb89c05f000
RBP=0x000000013b798a00 is pointing into the stack for thread: 0x00007fb89c05f000
RSI=0x000000010ade72a0 is at code_begin+0 in an Interpreter codelet
method entry point (kind = zerolocals)  [0x000000010ade72a0, 0x000000010ade75e0]  832 bytes
RDI=0x000000013b798b30 is pointing into the stack for thread: 0x00007fb89c05f000
R8 =0x000000010ade72a0 is at code_begin+0 in an Interpreter codelet
method entry point (kind = zerolocals)  [0x000000010ade72a0, 0x000000010ade75e0]  832 bytes
R9 =0x000000013b798bf8 is pointing into the stack for thread: 0x00007fb89c05f000
R10=0x000000010aa198f0: _ZN19TemplateInterpreter13_active_tableE+0x3800 in /Library/Java/JavaVirtualMachines/jdk1.7.0_45.jdk/Contents/Home/jre/lib/server/libjvm.dylib at 0x000000010a200000
R11=0xffff80488ffd4970 is an unknown value
R12=0x0000000000000000 is an unknown value
R13=0x000000010e19a8bc is pointing into object: 0x000000010e19a868
{constMethod} 
 - klass: {other class}
 - constants:       0x000000010e197100 constant pool [272] for 'sun/instrument/InstrumentationImpl' cache=0x000000010e19ae10
bci_from(0x10e19a8bc) = 20; print_codes():
R14=0x000000013b798a48 is pointing into the stack for thread: 0x00007fb89c05f000
R15=0x00007fb89c05f000 is a thread


Stack: [0x000000013b69d000,0x000000013b79d000],  sp=0x000000013b7989c0,  free space=1006k
Native frames: (J=compiled Java code, j=interpreted, Vv=VM code, C=native code)
j  sun.instrument.InstrumentationImpl.transform(Ljava/lang/ClassLoader;Ljava/lang/String;Ljava/lang/Class;Ljava/security/ProtectionDomain;[BZ)[B+0
v  ~StubRoutines::call_stub
V  [libjvm.dylib+0x2d6d90]  JavaCalls::call_helper(JavaValue*, methodHandle*, JavaCallArguments*, Thread*)+0x22a
V  [libjvm.dylib+0x2d6b60]  JavaCalls::call(JavaValue*, methodHandle, JavaCallArguments*, Thread*)+0x28
V  [libjvm.dylib+0x30a605]  jni_invoke_nonstatic(JNIEnv_*, JavaValue*, _jobject*, JNICallType, _jmethodID*, JNI_ArgumentPusher*, Thread*)+0x2ba
V  [libjvm.dylib+0x2fc1c6]  jni_CallObjectMethod+0x116
C  [libinstrument.dylib+0xb76c]  transformClassFile+0x1ad
C  [libinstrument.dylib+0x877d]  eventHandlerClassFileLoadHook+0x8f
V  [libjvm.dylib+0x3712ff]  JvmtiClassFileLoadHookPoster::post_to_env(JvmtiEnv*, bool)+0xa7
V  [libjvm.dylib+0x3713f9]  JvmtiClassFileLoadHookPoster::post_all_envs()+0x47
V  [libjvm.dylib+0x3704d8]  JvmtiExport::post_class_file_load_hook(Symbol*, Handle, Handle, unsigned char**, unsigned char**, unsigned char**, int*)+0xb0
V  [libjvm.dylib+0x1952d1]  ClassFileParser::parseClassFile(Symbol*, Handle, Handle, KlassHandle, GrowableArray<Handle>*, TempNewSymbol&, bool, Thread*)+0x1c9
V  [libjvm.dylib+0x198dab]  ClassLoader::load_classfile(Symbol*, Thread*)+0x1e9
V  [libjvm.dylib+0x4c38f9]  SystemDictionary::load_instance_class(Symbol*, Handle, Thread*)+0xf3
V  [libjvm.dylib+0x4c3497]  SystemDictionary::resolve_instance_class_or_null(Symbol*, Handle, Handle, Thread*)+0x473
V  [libjvm.dylib+0x4c3d4a]  SystemDictionary::resolve_or_null(Symbol*, Handle, Handle, Thread*)+0x104
V  [libjvm.dylib+0x4c417b]  SystemDictionary::resolve_or_fail(Symbol*, Handle, Handle, bool, Thread*)+0x31
V  [libjvm.dylib+0x1e87ba]  constantPoolOopDesc::klass_at_impl(constantPoolHandle, int, Thread*)+0x1fa
V  [libjvm.dylib+0x3eff27]  methodOopDesc::fast_exception_handler_bci_for(methodHandle, KlassHandle, int, Thread*)+0xd5
V  [libjvm.dylib+0x2d3433]  InterpreterRuntime::exception_handler_for_exception(JavaThread*, oopDesc*)+0x153
j  java.net.SocketInputStream.read([BIII)I+87
j  java.net.SocketInputStream.read([BII)I+11
j  com.google.appengine.repackaged.org.apache.http.impl.io.AbstractSessionInputBuffer.fillBuffer()I+71
j  com.google.appengine.repackaged.org.apache.http.impl.io.SocketInputBuffer.fillBuffer()I+1
j  com.google.appengine.repackaged.org.apache.http.impl.io.SocketInputBuffer.isDataAvailable(I)Z+26
j  com.google.appengine.repackaged.org.apache.http.impl.AbstractHttpClientConnection.isStale()Z+23
j  com.google.appengine.repackaged.org.apache.http.impl.conn.AbstractClientConnAdapter.isStale()Z+21
j  com.google.appengine.repackaged.org.apache.http.impl.client.DefaultRequestDirector.execute(Lcom/google/appengine/repackaged/org/apache/http/HttpHost;Lcom/google/appengine/repackaged/org/apache/http/HttpRequest;Lcom/google/appengine/repackaged/org/apache/http/protocol/HttpContext;)Lcom/google/appengine/repackaged/org/apache/http/HttpResponse;+328
j  com.google.appengine.repackaged.org.apache.http.impl.client.AbstractHttpClient.execute(Lcom/google/appengine/repackaged/org/apache/http/HttpHost;Lcom/google/appengine/repackaged/org/apache/http/HttpRequest;Lcom/google/appengine/repackaged/org/apache/http/protocol/HttpContext;)Lcom/google/appengine/repackaged/org/apache/http/HttpResponse;+346
j  com.google.appengine.repackaged.org.apache.http.impl.client.AbstractHttpClient.execute(Lcom/google/appengine/repackaged/org/apache/http/client/methods/HttpUriRequest;Lcom/google/appengine/repackaged/org/apache/http/protocol/HttpContext;)Lcom/google/appengine/repackaged/org/apache/http/HttpResponse;+22
j  com.google.appengine.api.urlfetch.dev.LocalURLFetchService$8.run()Lcom/google/appengine/repackaged/org/apache/http/HttpResponse;+66
j  com.google.appengine.api.urlfetch.dev.LocalURLFetchService$8.run()Ljava/lang/Object;+1
v  ~StubRoutines::call_stub
V  [libjvm.dylib+0x2d6d90]  JavaCalls::call_helper(JavaValue*, methodHandle*, JavaCallArguments*, Thread*)+0x22a
V  [libjvm.dylib+0x2d6b60]  JavaCalls::call(JavaValue*, methodHandle, JavaCallArguments*, Thread*)+0x28
V  [libjvm.dylib+0x32a444]  JVM_DoPrivileged+0x411
j  java.security.AccessController.doPrivileged(Ljava/security/PrivilegedExceptionAction;)Ljava/lang/Object;+0
j  com.google.appengine.api.urlfetch.dev.LocalURLFetchService.doPrivilegedExecute(Lcom/google/appengine/api/urlfetch/URLFetchServicePb$URLFetchRequest;Lcom/google/appengine/repackaged/org/apache/http/client/methods/HttpRequestBase;Lcom/google/appengine/api/urlfetch/URLFetchServicePb$URLFetchResponse$Builder;)Lcom/google/appengine/repackaged/org/apache/http/HttpResponse;+11
j  com.google.appengine.api.urlfetch.dev.LocalURLFetchService.fetch(Lcom/google/appengine/tools/development/LocalRpcService$Status;Lcom/google/appengine/api/urlfetch/URLFetchServicePb$URLFetchRequest;)Lcom/google/appengine/api/urlfetch/URLFetchServicePb$URLFetchResponse;+309
v  ~StubRoutines::call_stub
V  [libjvm.dylib+0x2d6d90]  JavaCalls::call_helper(JavaValue*, methodHandle*, JavaCallArguments*, Thread*)+0x22a
V  [libjvm.dylib+0x2d6b60]  JavaCalls::call(JavaValue*, methodHandle, JavaCallArguments*, Thread*)+0x28
V  [libjvm.dylib+0x460580]  Reflection::invoke(instanceKlassHandle, methodHandle, Handle, bool, objArrayHandle, BasicType, objArrayHandle, bool, Thread*)+0x9fc
V  [libjvm.dylib+0x4609e6]  Reflection::invoke_method(oopDesc*, Handle, objArrayHandle, Thread*)+0x16e
V  [libjvm.dylib+0x3236d7]  JVM_InvokeMethod+0x166
j  sun.reflect.NativeMethodAccessorImpl.invoke0(Ljava/lang/reflect/Method;Ljava/lang/Object;[Ljava/lang/Object;)Ljava/lang/Object;+0
j  sun.reflect.NativeMethodAccessorImpl.invoke(Ljava/lang/Object;[Ljava/lang/Object;)Ljava/lang/Object;+87
j  sun.reflect.DelegatingMethodAccessorImpl.invoke(Ljava/lang/Object;[Ljava/lang/Object;)Ljava/lang/Object;+6
j  java.lang.reflect.Method.invoke(Ljava/lang/Object;[Ljava/lang/Object;)Ljava/lang/Object;+57
j  com.google.appengine.tools.development.ApiProxyLocalImpl$AsyncApiCall.callInternal()[B+211
j  com.google.appengine.tools.development.ApiProxyLocalImpl$AsyncApiCall.call()[B+1
j  com.google.appengine.tools.development.ApiProxyLocalImpl$AsyncApiCall.call()Ljava/lang/Object;+1
j  java.util.concurrent.Executors$PrivilegedCallable$1.run()Ljava/lang/Object;+7
v  ~StubRoutines::call_stub
V  [libjvm.dylib+0x2d6d90]  JavaCalls::call_helper(JavaValue*, methodHandle*, JavaCallArguments*, Thread*)+0x22a
V  [libjvm.dylib+0x2d6b60]  JavaCalls::call(JavaValue*, methodHandle, JavaCallArguments*, Thread*)+0x28
V  [libjvm.dylib+0x32a444]  JVM_DoPrivileged+0x411
j  java.security.AccessController.doPrivileged(Ljava/security/PrivilegedExceptionAction;Ljava/security/AccessControlContext;)Ljava/lang/Object;+0
j  java.util.concurrent.Executors$PrivilegedCallable.call()Ljava/lang/Object;+12
j  java.util.concurrent.FutureTask.run()V+42
j  java.util.concurrent.ThreadPoolExecutor.runWorker(Ljava/util/concurrent/ThreadPoolExecutor$Worker;)V+95
j  java.util.concurrent.ThreadPoolExecutor$Worker.run()V+5
j  java.lang.Thread.run()V+11
v  ~StubRoutines::call_stub
V  [libjvm.dylib+0x2d6d90]  JavaCalls::call_helper(JavaValue*, methodHandle*, JavaCallArguments*, Thread*)+0x22a
V  [libjvm.dylib+0x2d72a7]  JavaCalls::call_virtual(JavaValue*, KlassHandle, Symbol*, Symbol*, JavaCallArguments*, Thread*)+0x11b
V  [libjvm.dylib+0x2d73e4]  JavaCalls::call_virtual(JavaValue*, Handle, KlassHandle, Symbol*, Symbol*, Thread*)+0x4a
V  [libjvm.dylib+0x3263ca]  thread_entry(JavaThread*, Thread*)+0xad
V  [libjvm.dylib+0x4efb47]  JavaThread::thread_main_inner()+0x9b
V  [libjvm.dylib+0x4f124f]  JavaThread::run()+0x1a3
V  [libjvm.dylib+0x41b1c6]  java_start(Thread*)+0x126
C  [libsystem_pthread.dylib+0x1899]  _pthread_body+0x8a
C  [libsystem_pthread.dylib+0x172a]  _pthread_struct_init+0x0
C  [libsystem_pthread.dylib+0x5fc9]  thread_start+0xd


---------------  P R O C E S S  ---------------

Java Threads: ( => current thread )
=>0x00007fb89c05f000 JavaThread "pool-2-thread-3" daemon [_thread_in_Java, id=48727, stack(0x000000013b69d000,0x000000013b79d000)]
  0x00007fb89b1b5800 JavaThread "Timer-1" daemon [_thread_blocked, id=28179, stack(0x000000013b435000,0x000000013b535000)]
  0x00007fb89b15f800 JavaThread "86959131@qtp-1363765528-1 - Acceptor0 SelectChannelConnector@127.0.0.1:8890" [_thread_in_native, id=48131, stack(0x000000013bc4d000,0x000000013bd4d000)]
  0x00007fb89b904800 JavaThread "758445086@qtp-1363765528-0" [_thread_blocked, id=47619, stack(0x000000013bb4a000,0x000000013bc4a000)]
  0x00007fb89b134800 JavaThread "Timer-0" daemon [_thread_blocked, id=46087, stack(0x000000013b18a000,0x000000013b28a000)]
  0x00007fb89c066800 JavaThread "AppKit Thread" daemon [_thread_in_native, id=1287, stack(0x00007fff562b5000,0x00007fff56335000)]
  0x00007fb89b020000 JavaThread "Service Thread" daemon [_thread_blocked, id=19459, stack(0x000000013686f000,0x000000013696f000)]
  0x00007fb89b01f800 JavaThread "C2 CompilerThread1" daemon [_thread_blocked, id=18947, stack(0x000000013676c000,0x000000013686c000)]
  0x00007fb89a91c800 JavaThread "C2 CompilerThread0" daemon [_thread_blocked, id=18435, stack(0x0000000136669000,0x0000000136769000)]
  0x00007fb89a864800 JavaThread "Signal Dispatcher" daemon [_thread_blocked, id=17923, stack(0x0000000136253000,0x0000000136353000)]
  0x00007fb89c000000 JavaThread "Finalizer" daemon [_thread_blocked, id=12547, stack(0x0000000135f8e000,0x000000013608e000)]
  0x00007fb89a854800 JavaThread "Reference Handler" daemon [_thread_blocked, id=12035, stack(0x0000000135e8b000,0x0000000135f8b000)]
  0x00007fb89b805800 JavaThread "main" [_thread_blocked, id=6403, stack(0x000000010ac54000,0x000000010ad54000)]

Other Threads:
  0x00007fb89a853800 VMThread [stack: 0x0000000135d88000,0x0000000135e88000] [id=11523]
  0x00007fb89b021000 WatcherThread [stack: 0x0000000136972000,0x0000000136a72000] [id=19971]

VM state:not at safepoint (normal execution)

VM Mutex/Monitor currently owned by a thread: None

Heap
 PSYoungGen      total 50688K, used 37380K [0x0000000128680000, 0x000000012bc00000, 0x0000000133180000)
  eden space 49664K, 75% used [0x0000000128680000,0x000000012aae1230,0x000000012b700000)
  from space 1024K, 12% used [0x000000012bb00000,0x000000012bb20000,0x000000012bc00000)
  to   space 2560K, 0% used [0x000000012b700000,0x000000012b700000,0x000000012b980000)
 ParOldGen       total 174592K, used 15607K [0x0000000113180000, 0x000000011dc00000, 0x0000000128680000)
  object space 174592K, 8% used [0x0000000113180000,0x00000001140bdcf8,0x000000011dc00000)
 PSPermGen       total 26112K, used 25906K [0x000000010df80000, 0x000000010f900000, 0x0000000113180000)
  object space 26112K, 99% used [0x000000010df80000,0x000000010f8ccaf8,0x000000010f900000)

Card table byte_map: [0x0000000133180000,0x00000001332aa000] byte_map_base: 0x0000000132910400

Polling page: 0x00000001099ec000

Code Cache  [0x000000010add7000, 0x000000010b047000, 0x000000010ddd7000)
 total_blobs=868 nmethods=505 adapters=317 free_code_cache=47194Kb largest_free_block=48233280

Compilation events (10 events):
Event: 110678.745 Thread 0x00007fb89a91c800  524             java.nio.channels.spi.AbstractInterruptibleChannel::blockedOn (13 bytes)
Event: 110678.747 Thread 0x00007fb89a91c800 nmethod 524 0x000000010afd2250 code [0x000000010afd23a0, 0x000000010afd2638]
Event: 113032.245 Thread 0x00007fb89b01f800  525             java.util.HashMap$KeySet::iterator (8 bytes)
Event: 113032.247 Thread 0x00007fb89b01f800 nmethod 525 0x000000010afd1410 code [0x000000010afd1580, 0x000000010afd16a8]
Event: 119362.360 Thread 0x00007fb89a91c800  526             org.mortbay.io.nio.SelectorManager::access$000 (4 bytes)
Event: 119362.361 Thread 0x00007fb89a91c800 nmethod 526 0x000000010ae70dd0 code [0x000000010ae70f00, 0x000000010ae70f38]
Event: 120269.888 Thread 0x00007fb89b01f800  527             java.util.concurrent.atomic.AtomicBoolean::get (13 bytes)
Event: 120269.888 Thread 0x00007fb89b01f800 nmethod 527 0x000000010af81450 code [0x000000010af81580, 0x000000010af815f8]
Event: 154205.145 Thread 0x00007fb89a91c800  528             com.google.appengine.labs.repackaged.org.json.JSONTokener::nextClean (157 bytes)
Event: 154205.148 Thread 0x00007fb89a91c800 nmethod 528 0x000000010afd0b50 code [0x000000010afd0d20, 0x000000010afd1000]

GC Heap History (10 events):
Event: 106431.718 GC heap before
{Heap before GC invocations=42 (full 0):
 PSYoungGen      total 55296K, used 54816K [0x0000000128680000, 0x000000012c300000, 0x0000000133180000)
  eden space 54784K, 100% used [0x0000000128680000,0x000000012bc00000,0x000000012bc00000)
  from space 512K, 6% used [0x000000012bd00000,0x000000012bd08000,0x000000012bd80000)
  to   space 3584K, 0% used [0x000000012bf80000,0x000000012bf80000,0x000000012c300000)
 ParOldGen       total 174592K, used 15599K [0x0000000113180000, 0x000000011dc00000, 0x0000000128680000)
  object space 174592K, 8% used [0x0000000113180000,0x00000001140bbcf8,0x000000011dc00000)
 PSPermGen       total 26112K, used 25898K [0x000000010df80000, 0x000000010f900000, 0x0000000113180000)
  object space 26112K, 99% used [0x000000010df80000,0x000000010f8caa50,0x000000010f900000)
Event: 106431.719 GC heap after
Heap after GC invocations=42 (full 0):
 PSYoungGen      total 55296K, used 64K [0x0000000128680000, 0x000000012c100000, 0x0000000133180000)
  eden space 53760K, 0% used [0x0000000128680000,0x0000000128680000,0x000000012bb00000)
  from space 1536K, 4% used [0x000000012bf80000,0x000000012bf90000,0x000000012c100000)
  to   space 3072K, 0% used [0x000000012bb00000,0x000000012bb00000,0x000000012be00000)
 ParOldGen       total 174592K, used 15599K [0x0000000113180000, 0x000000011dc00000, 0x0000000128680000)
  object space 174592K, 8% used [0x0000000113180000,0x00000001140bbcf8,0x000000011dc00000)
 PSPermGen       total 26112K, used 25898K [0x000000010df80000, 0x000000010f900000, 0x0000000113180000)
  object space 26112K, 99% used [0x000000010df80000,0x000000010f8caa50,0x000000010f900000)
}
Event: 113539.297 GC heap before
{Heap before GC invocations=43 (full 0):
 PSYoungGen      total 55296K, used 53824K [0x0000000128680000, 0x000000012c100000, 0x0000000133180000)
  eden space 53760K, 100% used [0x0000000128680000,0x000000012bb00000,0x000000012bb00000)
  from space 1536K, 4% used [0x000000012bf80000,0x000000012bf90000,0x000000012c100000)
  to   space 3072K, 0% used [0x000000012bb00000,0x000000012bb00000,0x000000012be00000)
 ParOldGen       total 174592K, used 15599K [0x0000000113180000, 0x000000011dc00000, 0x0000000128680000)
  object space 174592K, 8% used [0x0000000113180000,0x00000001140bbcf8,0x000000011dc00000)
 PSPermGen       total 26112K, used 25902K [0x000000010df80000, 0x000000010f900000, 0x0000000113180000)
  object space 26112K, 99% used [0x000000010df80000,0x000000010f8cb9b8,0x000000010f900000)
Event: 113539.299 GC heap after
Heap after GC invocations=43 (full 0):
 PSYoungGen      total 53248K, used 64K [0x0000000128680000, 0x000000012c000000, 0x0000000133180000)
  eden space 52736K, 0% used [0x0000000128680000,0x0000000128680000,0x000000012ba00000)
  from space 512K, 12% used [0x000000012bb00000,0x000000012bb10000,0x000000012bb80000)
  to   space 3072K, 0% used [0x000000012bd00000,0x000000012bd00000,0x000000012c000000)
 ParOldGen       total 174592K, used 15599K [0x0000000113180000, 0x000000011dc00000, 0x0000000128680000)
  object space 174592K, 8% used [0x0000000113180000,0x00000001140bbcf8,0x000000011dc00000)
 PSPermGen       total 26112K, used 25902K [0x000000010df80000, 0x000000010f900000, 0x0000000113180000)
  object space 26112K, 99% used [0x000000010df80000,0x000000010f8cb9b8,0x000000010f900000)
}
Event: 117679.653 GC heap before
{Heap before GC invocations=44 (full 0):
 PSYoungGen      total 53248K, used 52800K [0x0000000128680000, 0x000000012c000000, 0x0000000133180000)
  eden space 52736K, 100% used [0x0000000128680000,0x000000012ba00000,0x000000012ba00000)
  from space 512K, 12% used [0x000000012bb00000,0x000000012bb10000,0x000000012bb80000)
  to   space 3072K, 0% used [0x000000012bd00000,0x000000012bd00000,0x000000012c000000)
 ParOldGen       total 174592K, used 15599K [0x0000000113180000, 0x000000011dc00000, 0x0000000128680000)
  object space 174592K, 8% used [0x0000000113180000,0x00000001140bbcf8,0x000000011dc00000)
 PSPermGen       total 26112K, used 25902K [0x000000010df80000, 0x000000010f900000, 0x0000000113180000)
  object space 26112K, 99% used [0x000000010df80000,0x000000010f8cb9d8,0x000000010f900000)
Event: 117679.657 GC heap after
Heap after GC invocations=44 (full 0):
 PSYoungGen      total 53760K, used 64K [0x0000000128680000, 0x000000012bf00000, 0x0000000133180000)
  eden space 51712K, 0% used [0x0000000128680000,0x0000000128680000,0x000000012b900000)
  from space 2048K, 3% used [0x000000012bd00000,0x000000012bd10000,0x000000012bf00000)
  to   space 3072K, 0% used [0x000000012b900000,0x000000012b900000,0x000000012bc00000)
 ParOldGen       total 174592K, used 15607K [0x0000000113180000, 0x000000011dc00000, 0x0000000128680000)
  object space 174592K, 8% used [0x0000000113180000,0x00000001140bdcf8,0x000000011dc00000)
 PSPermGen       total 26112K, used 25902K [0x000000010df80000, 0x000000010f900000, 0x0000000113180000)
  object space 26112K, 99% used [0x000000010df80000,0x000000010f8cb9d8,0x000000010f900000)
}
Event: 147830.371 GC heap before
{Heap before GC invocations=45 (full 0):
 PSYoungGen      total 53760K, used 51776K [0x0000000128680000, 0x000000012bf00000, 0x0000000133180000)
  eden space 51712K, 100% used [0x0000000128680000,0x000000012b900000,0x000000012b900000)
  from space 2048K, 3% used [0x000000012bd00000,0x000000012bd10000,0x000000012bf00000)
  to   space 3072K, 0% used [0x000000012b900000,0x000000012b900000,0x000000012bc00000)
 ParOldGen       total 174592K, used 15607K [0x0000000113180000, 0x000000011dc00000, 0x0000000128680000)
  object space 174592K, 8% used [0x0000000113180000,0x00000001140bdcf8,0x000000011dc00000)
 PSPermGen       total 26112K, used 25902K [0x000000010df80000, 0x000000010f900000, 0x0000000113180000)
  object space 26112K, 99% used [0x000000010df80000,0x000000010f8cbab8,0x000000010f900000)
Event: 147830.372 GC heap after
Heap after GC invocations=45 (full 0):
 PSYoungGen      total 51200K, used 96K [0x0000000128680000, 0x000000012bd80000, 0x0000000133180000)
  eden space 50688K, 0% used [0x0000000128680000,0x0000000128680000,0x000000012b800000)
  from space 512K, 18% used [0x000000012b900000,0x000000012b918000,0x000000012b980000)
  to   space 2560K, 0% used [0x000000012bb00000,0x000000012bb00000,0x000000012bd80000)
 ParOldGen       total 174592K, used 15607K [0x0000000113180000, 0x000000011dc00000, 0x0000000128680000)
  object space 174592K, 8% used [0x0000000113180000,0x00000001140bdcf8,0x000000011dc00000)
 PSPermGen       total 26112K, used 25902K [0x000000010df80000, 0x000000010f900000, 0x0000000113180000)
  object space 26112K, 99% used [0x000000010df80000,0x000000010f8cbab8,0x000000010f900000)
}
Event: 152742.708 GC heap before
{Heap before GC invocations=46 (full 0):
 PSYoungGen      total 51200K, used 50784K [0x0000000128680000, 0x000000012bd80000, 0x0000000133180000)
  eden space 50688K, 100% used [0x0000000128680000,0x000000012b800000,0x000000012b800000)
  from space 512K, 18% used [0x000000012b900000,0x000000012b918000,0x000000012b980000)
  to   space 2560K, 0% used [0x000000012bb00000,0x000000012bb00000,0x000000012bd80000)
 ParOldGen       total 174592K, used 15607K [0x0000000113180000, 0x000000011dc00000, 0x0000000128680000)
  object space 174592K, 8% used [0x0000000113180000,0x00000001140bdcf8,0x000000011dc00000)
 PSPermGen       total 26112K, used 25902K [0x000000010df80000, 0x000000010f900000, 0x0000000113180000)
  object space 26112K, 99% used [0x000000010df80000,0x000000010f8cbad8,0x000000010f900000)
Event: 152742.710 GC heap after
Heap after GC invocations=46 (full 0):
 PSYoungGen      total 50688K, used 128K [0x0000000128680000, 0x000000012bc00000, 0x0000000133180000)
  eden space 49664K, 0% used [0x0000000128680000,0x0000000128680000,0x000000012b700000)
  from space 1024K, 12% used [0x000000012bb00000,0x000000012bb20000,0x000000012bc00000)
  to   space 2560K, 0% used [0x000000012b700000,0x000000012b700000,0x000000012b980000)
 ParOldGen       total 174592K, used 15607K [0x0000000113180000, 0x000000011dc00000, 0x0000000128680000)
  object space 174592K, 8% used [0x0000000113180000,0x00000001140bdcf8,0x000000011dc00000)
 PSPermGen       total 26112K, used 25902K [0x000000010df80000, 0x000000010f900000, 0x0000000113180000)
  object space 26112K, 99% used [0x000000010df80000,0x000000010f8cbad8,0x000000010f900000)
}

Deoptimization events (10 events):
Event: 542.347 Thread 0x00007fb89b15f800 Uncommon trap: reason=array_check action=maybe_recompile pc=0x000000010afbbef8 method=java.util.Arrays.fill([Ljava/lang/Object;Ljava/lang/Object;)V @ 13
Event: 543.347 Thread 0x00007fb89b15f800 Uncommon trap: reason=array_check action=maybe_recompile pc=0x000000010afbbef8 method=java.util.Arrays.fill([Ljava/lang/Object;Ljava/lang/Object;)V @ 13
Event: 9714.471 Thread 0x00007fb89b1b5800 Uncommon trap: reason=unreached action=reinterpret pc=0x000000010af1edf4 method=java.lang.ref.SoftReference.get()Ljava/lang/Object; @ 6
Event: 152629.931 Thread 0x00007fb89b15f800 Uncommon trap: reason=unreached action=reinterpret pc=0x000000010afd00b8 method=org.mortbay.thread.Timeout.tick()V @ 33
Event: 152629.931 Thread 0x00007fb89b15f800 Uncommon trap: reason=unreached action=reinterpret pc=0x000000010aed8370 method=org.mortbay.thread.Timeout.getTimeToNext()J @ 18
Event: 152630.105 Thread 0x00007fb89b15f800 Uncommon trap: reason=unreached action=reinterpret pc=0x000000010aede730 method=org.mortbay.thread.Timeout.tick()V @ 33
Event: 152630.105 Thread 0x00007fb89b904800 Uncommon trap: reason=unreached action=reinterpret pc=0x000000010af7b944 method=java.lang.ref.SoftReference.get()Ljava/lang/Object; @ 6
Event: 152630.106 Thread 0x00007fb89b904800 Uncommon trap: reason=unreached action=reinterpret pc=0x000000010aeea600 method=java.lang.ref.SoftReference.get()Ljava/lang/Object; @ 6
Event: 152630.106 Thread 0x00007fb89b904800 Uncommon trap: reason=unreached action=reinterpret pc=0x000000010aea06c0 method=java.lang.ref.SoftReference.get()Ljava/lang/Object; @ 6
Event: 152630.109 Thread 0x00007fb89b904800 Uncommon trap: reason=class_check action=maybe_recompile pc=0x000000010af5df90 method=java.util.Collections$SynchronizedMap.get(Ljava/lang/Object;)Ljava/lang/Object; @ 12

Internal exceptions (10 events):
Event: 14.487 Thread 0x00007fb89b904800 Threw 0x0000000128f19ad8 at /HUDSON/workspace/7u-2-build-macosx-x86_64/jdk7u45/229/hotspot/src/share/vm/prims/jvm.cpp:1244
Event: 14.487 Thread 0x00007fb89b904800 Threw 0x0000000128f1d778 at /HUDSON/workspace/7u-2-build-macosx-x86_64/jdk7u45/229/hotspot/src/share/vm/prims/jvm.cpp:1244
Event: 66.934 Thread 0x00007fb89b904800 Threw 0x0000000129978158 at /HUDSON/workspace/7u-2-build-macosx-x86_64/jdk7u45/229/hotspot/src/share/vm/prims/jvm.cpp:1244
Event: 66.941 Thread 0x00007fb89b904800 Threw 0x00000001299b7628 at /HUDSON/workspace/7u-2-build-macosx-x86_64/jdk7u45/229/hotspot/src/share/vm/prims/jvm.cpp:1244
Event: 66.941 Thread 0x00007fb89b904800 Threw 0x00000001299bc638 at /HUDSON/workspace/7u-2-build-macosx-x86_64/jdk7u45/229/hotspot/src/share/vm/prims/jvm.cpp:1244
Event: 66.942 Thread 0x00007fb89b904800 Threw 0x00000001299bed38 at /HUDSON/workspace/7u-2-build-macosx-x86_64/jdk7u45/229/hotspot/src/share/vm/prims/jvm.cpp:1244
Event: 66.942 Thread 0x00007fb89b904800 Threw 0x00000001299c37a0 at /HUDSON/workspace/7u-2-build-macosx-x86_64/jdk7u45/229/hotspot/src/share/vm/prims/jvm.cpp:1244
Event: 152630.105 Thread 0x00007fb89b904800 Implicit null exception at 0x000000010af7ae56 to 0x000000010af7b925
Event: 152630.106 Thread 0x00007fb89b904800 Implicit null exception at 0x000000010aeea299 to 0x000000010aeea5f1
Event: 154205.423 Thread 0x00007fb89c05f000 Threw 0x000000012a789600 at /HUDSON/workspace/7u-2-build-macosx-x86_64/jdk7u45/229/hotspot/src/share/vm/prims/jni.cpp:743

Events (10 events):
Event: 154203.587 Executing VM operation: RevokeBias done
Event: 154203.764 Thread 0x00007fb89c05f000 Thread added: 0x00007fb89c05f000
Event: 154203.765 Executing VM operation: RevokeBias
Event: 154203.765 Executing VM operation: RevokeBias done
Event: 154203.765 Executing VM operation: RevokeBias
Event: 154203.765 Executing VM operation: RevokeBias done
Event: 154203.765 Executing VM operation: RevokeBias
Event: 154203.765 Executing VM operation: RevokeBias done
Event: 154205.148 Thread 0x00007fb89a91c800 flushing nmethod 0x000000010ae588d0
Event: 154205.423 loading class 0x00007fb89a9b00a0


Dynamic libraries:
0x0000000006195000 	/System/Library/Frameworks/Cocoa.framework/Versions/A/Cocoa
0x0000000006195000 	/System/Library/Frameworks/Security.framework/Versions/A/Security
0x0000000006195000 	/System/Library/Frameworks/ApplicationServices.framework/Versions/A/ApplicationServices
0x0000000006195000 	/usr/lib/libz.1.dylib
0x0000000006195000 	/usr/lib/libSystem.B.dylib
0x0000000006195000 	/usr/lib/libobjc.A.dylib
0x0000000006195000 	/System/Library/Frameworks/CoreFoundation.framework/Versions/A/CoreFoundation
0x0000000006195000 	/System/Library/Frameworks/Foundation.framework/Versions/C/Foundation
0x0000000006195000 	/System/Library/Frameworks/AppKit.framework/Versions/C/AppKit
0x0000000006195000 	/System/Library/Frameworks/CoreData.framework/Versions/A/CoreData
0x0000000006195000 	/System/Library/PrivateFrameworks/RemoteViewServices.framework/Versions/A/RemoteViewServices
0x0000000006195000 	/System/Library/Frameworks/AudioToolbox.framework/Versions/A/AudioToolbox
0x0000000006195000 	/System/Library/Frameworks/AudioUnit.framework/Versions/A/AudioUnit
0x0000000006195000 	/System/Library/PrivateFrameworks/DataDetectorsCore.framework/Versions/A/DataDetectorsCore
0x0000000006195000 	/System/Library/PrivateFrameworks/DesktopServicesPriv.framework/Versions/A/DesktopServicesPriv
0x0000000006195000 	/System/Library/Frameworks/Carbon.framework/Versions/A/Frameworks/HIToolbox.framework/Versions/A/HIToolbox
0x0000000006195000 	/System/Library/Frameworks/QuartzCore.framework/Versions/A/QuartzCore
0x0000000006195000 	/System/Library/Frameworks/Carbon.framework/Versions/A/Frameworks/SpeechRecognition.framework/Versions/A/SpeechRecognition
0x0000000006195000 	/usr/lib/libauto.dylib
0x0000000006195000 	/usr/lib/libicucore.A.dylib
0x0000000006195000 	/usr/lib/libxml2.2.dylib
0x0000000006195000 	/System/Library/PrivateFrameworks/CoreUI.framework/Versions/A/CoreUI
0x0000000006195000 	/System/Library/Frameworks/CoreAudio.framework/Versions/A/CoreAudio
0x0000000006195000 	/System/Library/Frameworks/DiskArbitration.framework/Versions/A/DiskArbitration
0x0000000006195000 	/usr/lib/liblangid.dylib
0x0000000006195000 	/System/Library/PrivateFrameworks/MultitouchSupport.framework/Versions/A/MultitouchSupport
0x0000000006195000 	/System/Library/Frameworks/IOKit.framework/Versions/A/IOKit
0x0000000006195000 	/usr/lib/libDiagnosticMessagesClient.dylib
0x0000000006195000 	/System/Library/Frameworks/CoreServices.framework/Versions/A/CoreServices
0x0000000006195000 	/System/Library/PrivateFrameworks/PerformanceAnalysis.framework/Versions/A/PerformanceAnalysis
0x0000000006195000 	/System/Library/PrivateFrameworks/GenerationalStorage.framework/Versions/A/GenerationalStorage
0x0000000006195000 	/System/Library/Frameworks/OpenGL.framework/Versions/A/OpenGL
0x0000000006195000 	/System/Library/PrivateFrameworks/Sharing.framework/Versions/A/Sharing
0x0000000006195000 	/System/Library/Frameworks/ImageIO.framework/Versions/A/ImageIO
0x0000000006195000 	/System/Library/Frameworks/CoreText.framework/Versions/A/CoreText
0x0000000006195000 	/System/Library/Frameworks/CoreGraphics.framework/Versions/A/CoreGraphics
0x0000000006195000 	/System/Library/PrivateFrameworks/Backup.framework/Versions/A/Backup
0x0000000006195000 	/System/Library/Frameworks/CFNetwork.framework/Versions/A/CFNetwork
0x0000000006195000 	/System/Library/Frameworks/SystemConfiguration.framework/Versions/A/SystemConfiguration
0x0000000006195000 	/usr/lib/libCRFSuite.dylib
0x0000000006195000 	/usr/lib/libc++.1.dylib
0x0000000006195000 	/usr/lib/libc++abi.dylib
0x0000000006195000 	/usr/lib/system/libcache.dylib
0x0000000006195000 	/usr/lib/system/libcommonCrypto.dylib
0x0000000006195000 	/usr/lib/system/libcompiler_rt.dylib
0x0000000006195000 	/usr/lib/system/libcopyfile.dylib
0x0000000006195000 	/usr/lib/system/libcorecrypto.dylib
0x0000000006195000 	/usr/lib/system/libdispatch.dylib
0x0000000006195000 	/usr/lib/system/libdyld.dylib
0x0000000006195000 	/usr/lib/system/libkeymgr.dylib
0x0000000006195000 	/usr/lib/system/liblaunch.dylib
0x0000000006195000 	/usr/lib/system/libmacho.dylib
0x0000000006195000 	/usr/lib/system/libquarantine.dylib
0x0000000006195000 	/usr/lib/system/libremovefile.dylib
0x0000000006195000 	/usr/lib/system/libsystem_asl.dylib
0x0000000006195000 	/usr/lib/system/libsystem_blocks.dylib
0x0000000006195000 	/usr/lib/system/libsystem_c.dylib
0x0000000006195000 	/usr/lib/system/libsystem_configuration.dylib
0x0000000006195000 	/usr/lib/system/libsystem_dnssd.dylib
0x0000000006195000 	/usr/lib/system/libsystem_info.dylib
0x0000000006195000 	/usr/lib/system/libsystem_kernel.dylib
0x0000000006195000 	/usr/lib/system/libsystem_m.dylib
0x0000000006195000 	/usr/lib/system/libsystem_malloc.dylib
0x0000000006195000 	/usr/lib/system/libsystem_network.dylib
0x0000000006195000 	/usr/lib/system/libsystem_notify.dylib
0x0000000006195000 	/usr/lib/system/libsystem_platform.dylib
0x0000000006195000 	/usr/lib/system/libsystem_pthread.dylib
0x0000000006195000 	/usr/lib/system/libsystem_sandbox.dylib
0x0000000006195000 	/usr/lib/system/libsystem_stats.dylib
0x0000000006195000 	/usr/lib/system/libunc.dylib
0x0000000006195000 	/usr/lib/system/libunwind.dylib
0x0000000006195000 	/usr/lib/system/libxpc.dylib
0x0000000006195000 	/usr/lib/libbsm.0.dylib
0x0000000006195000 	/usr/lib/libsqlite3.dylib
0x0000000006195000 	/usr/lib/libxar.1.dylib
0x0000000006195000 	/usr/lib/libpam.2.dylib
0x0000000006195000 	/usr/lib/libOpenScriptingUtil.dylib
0x0000000006195000 	/usr/lib/libbz2.1.0.dylib
0x0000000006195000 	/System/Library/Frameworks/CoreServices.framework/Versions/A/Frameworks/CarbonCore.framework/Versions/A/CarbonCore
0x0000000006195000 	/System/Library/Frameworks/CoreServices.framework/Versions/A/Frameworks/Metadata.framework/Versions/A/Metadata
0x0000000006195000 	/System/Library/Frameworks/CoreServices.framework/Versions/A/Frameworks/OSServices.framework/Versions/A/OSServices
0x0000000006195000 	/System/Library/Frameworks/CoreServices.framework/Versions/A/Frameworks/SearchKit.framework/Versions/A/SearchKit
0x0000000006195000 	/System/Library/Frameworks/CoreServices.framework/Versions/A/Frameworks/AE.framework/Versions/A/AE
0x0000000006195000 	/System/Library/Frameworks/CoreServices.framework/Versions/A/Frameworks/LaunchServices.framework/Versions/A/LaunchServices
0x0000000006195000 	/System/Library/Frameworks/CoreServices.framework/Versions/A/Frameworks/DictionaryServices.framework/Versions/A/DictionaryServices
0x0000000006195000 	/System/Library/Frameworks/NetFS.framework/Versions/A/NetFS
0x0000000006195000 	/usr/lib/system/libkxld.dylib
0x0000000006195000 	/System/Library/PrivateFrameworks/NetAuth.framework/Versions/A/NetAuth
0x0000000006195000 	/System/Library/PrivateFrameworks/TCC.framework/Versions/A/TCC
0x0000000006195000 	/System/Library/Frameworks/OpenDirectory.framework/Versions/A/Frameworks/CFOpenDirectory.framework/Versions/A/CFOpenDirectory
0x0000000006195000 	/System/Library/Frameworks/ServiceManagement.framework/Versions/A/ServiceManagement
0x0000000006195000 	/usr/lib/libxslt.1.dylib
0x0000000006195000 	/System/Library/Frameworks/Carbon.framework/Versions/A/Frameworks/Ink.framework/Versions/A/Ink
0x0000000006195000 	/System/Library/Frameworks/ApplicationServices.framework/Versions/A/Frameworks/ATS.framework/Versions/A/ATS
0x0000000006195000 	/System/Library/Frameworks/ApplicationServices.framework/Versions/A/Frameworks/ColorSync.framework/Versions/A/ColorSync
0x0000000006195000 	/System/Library/Frameworks/ApplicationServices.framework/Versions/A/Frameworks/HIServices.framework/Versions/A/HIServices
0x0000000006195000 	/System/Library/Frameworks/ApplicationServices.framework/Versions/A/Frameworks/LangAnalysis.framework/Versions/A/LangAnalysis
0x0000000006195000 	/System/Library/Frameworks/ApplicationServices.framework/Versions/A/Frameworks/PrintCore.framework/Versions/A/PrintCore
0x0000000006195000 	/System/Library/Frameworks/ApplicationServices.framework/Versions/A/Frameworks/QD.framework/Versions/A/QD
0x0000000006195000 	/System/Library/Frameworks/ApplicationServices.framework/Versions/A/Frameworks/SpeechSynthesis.framework/Versions/A/SpeechSynthesis
0x0000000006195000 	/System/Library/Frameworks/IOSurface.framework/Versions/A/IOSurface
0x0000000006195000 	/System/Library/Frameworks/Accelerate.framework/Versions/A/Accelerate
0x0000000006195000 	/System/Library/Frameworks/Accelerate.framework/Versions/A/Frameworks/vImage.framework/Versions/A/vImage
0x0000000006195000 	/System/Library/Frameworks/Accelerate.framework/Versions/A/Frameworks/vecLib.framework/Versions/A/vecLib
0x0000000006195000 	/System/Library/Frameworks/Accelerate.framework/Versions/A/Frameworks/vecLib.framework/Versions/A/libvDSP.dylib
0x0000000006195000 	/System/Library/Frameworks/Accelerate.framework/Versions/A/Frameworks/vecLib.framework/Versions/A/libvMisc.dylib
0x0000000006195000 	/System/Library/Frameworks/Accelerate.framework/Versions/A/Frameworks/vecLib.framework/Versions/A/libLAPACK.dylib
0x0000000006195000 	/System/Library/Frameworks/Accelerate.framework/Versions/A/Frameworks/vecLib.framework/Versions/A/libBLAS.dylib
0x0000000006195000 	/System/Library/Frameworks/ApplicationServices.framework/Versions/A/Frameworks/ATS.framework/Versions/A/Resources/libFontParser.dylib
0x0000000006195000 	/System/Library/Frameworks/ApplicationServices.framework/Versions/A/Frameworks/ATS.framework/Versions/A/Resources/libFontRegistry.dylib
0x0000000006195000 	/System/Library/Frameworks/ImageIO.framework/Versions/A/Resources/libJPEG.dylib
0x0000000006195000 	/System/Library/Frameworks/ImageIO.framework/Versions/A/Resources/libTIFF.dylib
0x0000000006195000 	/System/Library/Frameworks/ImageIO.framework/Versions/A/Resources/libPng.dylib
0x0000000006195000 	/System/Library/Frameworks/ImageIO.framework/Versions/A/Resources/libGIF.dylib
0x0000000006195000 	/System/Library/Frameworks/ImageIO.framework/Versions/A/Resources/libJP2.dylib
0x0000000006195000 	/System/Library/Frameworks/ImageIO.framework/Versions/A/Resources/libRadiance.dylib
0x0000000006195000 	/usr/lib/libcups.2.dylib
0x0000000006195000 	/System/Library/Frameworks/Kerberos.framework/Versions/A/Kerberos
0x0000000006195000 	/System/Library/Frameworks/GSS.framework/Versions/A/GSS
0x0000000006195000 	/usr/lib/libresolv.9.dylib
0x0000000006195000 	/usr/lib/libiconv.2.dylib
0x0000000006195000 	/System/Library/PrivateFrameworks/Heimdal.framework/Versions/A/Heimdal
0x0000000006195000 	/System/Library/PrivateFrameworks/TrustEvaluationAgent.framework/Versions/A/TrustEvaluationAgent
0x0000000006195000 	/usr/lib/libheimdal-asn1.dylib
0x0000000006195000 	/System/Library/Frameworks/OpenDirectory.framework/Versions/A/OpenDirectory
0x0000000006195000 	/System/Library/PrivateFrameworks/CommonAuth.framework/Versions/A/CommonAuth
0x0000000006195000 	/System/Library/Frameworks/SecurityFoundation.framework/Versions/A/SecurityFoundation
0x0000000006195000 	/System/Library/PrivateFrameworks/Bom.framework/Versions/A/Bom
0x0000000006195000 	/System/Library/Frameworks/CoreVideo.framework/Versions/A/CoreVideo
0x0000000006195000 	/System/Library/Frameworks/QuartzCore.framework/Versions/A/Frameworks/CoreImage.framework/Versions/A/CoreImage
0x0000000006195000 	/System/Library/Frameworks/QuartzCore.framework/Versions/A/Frameworks/ScalableUserInterface.framework/Versions/A/ScalableUserInterface
0x0000000006195000 	/System/Library/Frameworks/OpenGL.framework/Versions/A/Libraries/libGLU.dylib
0x0000000006195000 	/System/Library/Frameworks/OpenGL.framework/Versions/A/Libraries/libGFXShared.dylib
0x0000000006195000 	/System/Library/Frameworks/OpenGL.framework/Versions/A/Libraries/libGL.dylib
0x0000000006195000 	/System/Library/Frameworks/OpenGL.framework/Versions/A/Libraries/libGLImage.dylib
0x0000000006195000 	/System/Library/Frameworks/OpenGL.framework/Versions/A/Libraries/libCVMSPluginSupport.dylib
0x0000000006195000 	/System/Library/Frameworks/OpenGL.framework/Versions/A/Libraries/libCoreVMClient.dylib
0x0000000006195000 	/System/Library/PrivateFrameworks/FaceCore.framework/Versions/A/FaceCore
0x0000000006195000 	/System/Library/PrivateFrameworks/CrashReporterSupport.framework/Versions/A/CrashReporterSupport
0x0000000006195000 	/System/Library/Frameworks/OpenCL.framework/Versions/A/OpenCL
0x0000000006195000 	/System/Library/PrivateFrameworks/AppleFSCompression.framework/Versions/A/AppleFSCompression
0x0000000006195000 	/System/Library/PrivateFrameworks/Ubiquity.framework/Versions/A/Ubiquity
0x0000000006195000 	/System/Library/PrivateFrameworks/IconServices.framework/Versions/A/IconServices
0x0000000006195000 	/System/Library/PrivateFrameworks/ChunkingLibrary.framework/Versions/A/ChunkingLibrary
0x0000000006195000 	/System/Library/PrivateFrameworks/CoreSymbolication.framework/Versions/A/CoreSymbolication
0x0000000006195000 	/System/Library/PrivateFrameworks/Symbolication.framework/Versions/A/Symbolication
0x0000000006195000 	/System/Library/PrivateFrameworks/DebugSymbols.framework/Versions/A/DebugSymbols
0x000000010a200000 	/Library/Java/JavaVirtualMachines/jdk1.7.0_45.jdk/Contents/Home/jre/lib/server/libjvm.dylib
0x0000000006195000 	/usr/lib/libstdc++.6.dylib
0x00000001099df000 	/Library/Java/JavaVirtualMachines/jdk1.7.0_45.jdk/Contents/Home/jre/lib/libverify.dylib
0x000000010ad56000 	/Library/Java/JavaVirtualMachines/jdk1.7.0_45.jdk/Contents/Home/jre/lib/libjava.dylib
0x000000010ad86000 	/Library/Java/JavaVirtualMachines/jdk1.7.0_45.jdk/Contents/Home/jre/lib/libinstrument.dylib
0x00000001099f7000 	/Library/Java/JavaVirtualMachines/jdk1.7.0_45.jdk/Contents/Home/jre/lib/libzip.dylib
0x0000000136090000 	/System/Library/Frameworks/JavaVM.framework/Frameworks/JavaRuntimeSupport.framework/JavaRuntimeSupport
0x00000001360a8000 	/System/Library/Frameworks/JavaVM.framework/Versions/A/Frameworks/JavaNativeFoundation.framework/Versions/A/JavaNativeFoundation
0x000000010deed000 	/System/Library/Frameworks/JavaVM.framework/Versions/A/JavaVM
0x0000000006195000 	/System/Library/Frameworks/Carbon.framework/Versions/A/Carbon
0x00000001360bd000 	/System/Library/PrivateFrameworks/JavaLaunching.framework/Versions/A/JavaLaunching
0x0000000006195000 	/System/Library/Frameworks/Carbon.framework/Versions/A/Frameworks/CommonPanels.framework/Versions/A/CommonPanels
0x0000000006195000 	/System/Library/Frameworks/Carbon.framework/Versions/A/Frameworks/Help.framework/Versions/A/Help
0x0000000006195000 	/System/Library/Frameworks/Carbon.framework/Versions/A/Frameworks/ImageCapture.framework/Versions/A/ImageCapture
0x0000000006195000 	/System/Library/Frameworks/Carbon.framework/Versions/A/Frameworks/OpenScripting.framework/Versions/A/OpenScripting
0x0000000006195000 	/System/Library/Frameworks/Carbon.framework/Versions/A/Frameworks/Print.framework/Versions/A/Print
0x0000000006195000 	/System/Library/Frameworks/Carbon.framework/Versions/A/Frameworks/SecurityHI.framework/Versions/A/SecurityHI
0x0000000136a74000 	/Library/Java/JavaVirtualMachines/jdk1.7.0_45.jdk/Contents/Home/jre/lib/libawt.dylib
0x0000000136b23000 	/Library/Java/JavaVirtualMachines/jdk1.7.0_45.jdk/Contents/Home/jre/lib/./libmlib_image.dylib
0x0000000136bef000 	/Library/Java/JavaVirtualMachines/jdk1.7.0_45.jdk/Contents/Home/jre/lib/lwawt/liblwawt.dylib
0x0000000136ca3000 	/Library/Java/JavaVirtualMachines/jdk1.7.0_45.jdk/Contents/Home/jre/lib/libosxapp.dylib
0x0000000006195000 	/System/Library/Frameworks/ExceptionHandling.framework/Versions/A/ExceptionHandling
0x0000000006195000 	/System/Library/PrivateFrameworks/CoreServicesInternal.framework/Versions/A/CoreServicesInternal
0x0000000006195000 	/System/Library/PrivateFrameworks/Librarian.framework/Versions/A/Librarian
0x0000000006195000 	/System/Library/Frameworks/CoreGraphics.framework/Versions/A/Resources/libCGCMS.A.dylib
0x0000000006195000 	/System/Library/Frameworks/CoreGraphics.framework/Versions/A/Resources/libRIP.A.dylib
0x0000000006195000 	/System/Library/Frameworks/CoreGraphics.framework/Versions/A/Resources/libCGXType.A.dylib
0x0000000006195000 	/System/Library/PrivateFrameworks/FamilyControls.framework/Versions/A/FamilyControls
0x0000000006195000 	/System/Library/PrivateFrameworks/CommerceKit.framework/Versions/A/Frameworks/CommerceCore.framework/Versions/A/CommerceCore
0x0000000006195000 	/System/Library/PrivateFrameworks/SystemAdministration.framework/Versions/A/SystemAdministration
0x0000000006195000 	/System/Library/Frameworks/DirectoryService.framework/Versions/A/DirectoryService
0x0000000006195000 	/System/Library/PrivateFrameworks/DiskImages.framework/Versions/A/DiskImages
0x0000000006195000 	/System/Library/PrivateFrameworks/LoginUIKit.framework/Versions/A/Frameworks/LoginUICore.framework/Versions/A/LoginUICore
0x0000000006195000 	/usr/lib/libCoreStorage.dylib
0x0000000006195000 	/usr/lib/libcsfde.dylib
0x0000000006195000 	/usr/lib/libodfde.dylib
0x0000000006195000 	/System/Library/Frameworks/DiscRecording.framework/Versions/A/DiscRecording
0x0000000006195000 	/usr/lib/libcurl.4.dylib
0x0000000006195000 	/System/Library/PrivateFrameworks/MediaKit.framework/Versions/A/MediaKit
0x0000000006195000 	/System/Library/PrivateFrameworks/EFILogin.framework/Versions/A/EFILogin
0x0000000006195000 	/usr/lib/libutil.dylib
0x0000000006195000 	/System/Library/PrivateFrameworks/AOSNotification.framework/Versions/A/AOSNotification
0x0000000006195000 	/System/Library/Frameworks/LDAP.framework/Versions/A/LDAP
0x0000000006195000 	/usr/lib/libsasl2.2.dylib
0x0000000006195000 	/usr/lib/libcrypto.0.9.8.dylib
0x0000000006195000 	/usr/lib/libssl.0.9.8.dylib
0x000000013b0f3000 	/Library/Java/JavaVirtualMachines/jdk1.7.0_45.jdk/Contents/Home/jre/lib/libfontmanager.dylib
0x000000013b17b000 	/Library/Java/JavaVirtualMachines/jdk1.7.0_45.jdk/Contents/Home/jre/lib/libosx.dylib
0x000000013b301000 	/Library/Java/JavaVirtualMachines/jdk1.7.0_45.jdk/Contents/Home/jre/lib/libnio.dylib
0x000000013b310000 	/Library/Java/JavaVirtualMachines/jdk1.7.0_45.jdk/Contents/Home/jre/lib/./libnet.dylib
0x000000013b36d000 	/Library/Java/JavaVirtualMachines/jdk1.7.0_45.jdk/Contents/Home/jre/lib/libsunec.dylib

VM Arguments:
jvm_args: -Ddatastore.default_high_rep_job_policy_unapplied_job_pct=50 -Xmx512m -javaagent:/Applications/eclipse/plugins/com.google.appengine.eclipse.sdkbundle_1.9.3/appengine-java-sdk-1.9.3/lib/agent/appengine-agent.jar -Xbootclasspath/p:/Applications/eclipse/plugins/com.google.appengine.eclipse.sdkbundle_1.9.3/appengine-java-sdk-1.9.3/lib/override/appengine-dev-jdk-overrides.jar -Dfile.encoding=US-ASCII 
java_command: com.google.appengine.tools.development.DevAppServerMain --port=8890 /Users/joseluis/Documents/workspace/weSPOTOpenBadgesv2/war
Launcher Type: SUN_STANDARD

Environment Variables:
PATH=/usr/bin:/bin:/usr/sbin:/sbin
SHELL=/bin/bash
DISPLAY=/tmp/launch-HxLko1/org.macosforge.xquartz:0

Signal Handlers:
SIGSEGV: [libjvm.dylib+0x525415], sa_mask[0]=0xfffefeff, sa_flags=0x00000043
SIGBUS: [libjvm.dylib+0x525415], sa_mask[0]=0xfffefeff, sa_flags=0x00000042
SIGFPE: [libjvm.dylib+0x41891a], sa_mask[0]=0xfffefeff, sa_flags=0x00000042
SIGPIPE: [libjvm.dylib+0x41891a], sa_mask[0]=0xfffefeff, sa_flags=0x00000042
SIGXFSZ: [libjvm.dylib+0x41891a], sa_mask[0]=0xfffefeff, sa_flags=0x00000042
SIGILL: [libjvm.dylib+0x41891a], sa_mask[0]=0xfffefeff, sa_flags=0x00000042
SIGUSR1: SIG_DFL, sa_mask[0]=0x00000000, sa_flags=0x00000002
SIGUSR2: [libjvm.dylib+0x41840c], sa_mask[0]=0x00000004, sa_flags=0x00000042
SIGHUP: [libjvm.dylib+0x41669b], sa_mask[0]=0xfffefeff, sa_flags=0x00000042
SIGINT: [libjvm.dylib+0x41669b], sa_mask[0]=0xfffefeff, sa_flags=0x00000042
SIGTERM: [libjvm.dylib+0x41669b], sa_mask[0]=0xfffefeff, sa_flags=0x00000042
SIGQUIT: [libjvm.dylib+0x41669b], sa_mask[0]=0xfffefeff, sa_flags=0x00000042


---------------  S Y S T E M  ---------------

OS:Bsduname:Darwin 13.3.0 Darwin Kernel Version 13.3.0: Tue Jun  3 21:27:35 PDT 2014; root:xnu-2422.110.17~1/RELEASE_X86_64 x86_64
rlimit: STACK 8192k, CORE 0k, NPROC 709, NOFILE 10240, AS infinity
load average:1.86 1.97 2.04

CPU:total 4 (2 cores per cpu, 2 threads per core) family 6 model 69 stepping 1, cmov, cx8, fxsr, mmx, sse, sse2, sse3, ssse3, sse4.1, sse4.2, popcnt, avx, avx2, aes, erms, ht, tsc, tscinvbit

Memory: 4k page, physical 16777216k(4194304k free)

/proc/meminfo:


vm_info: Java HotSpot(TM) 64-Bit Server VM (24.45-b08) for bsd-amd64 JRE (1.7.0_45-b18), built on Oct  8 2013 05:54:16 by "java_re" with gcc 4.2.1 (Based on Apple Inc. build 5658) (LLVM build 2336.11.00)

time: Thu Sep 11 08:55:49 2014
elapsed time: 154205 seconds

